    INFO: 2023-09-27 16:56:32,349:               log.py:   20: Logging to /mnt/c/Users/proto/Development/extract_data_from_video/mdpdf.log
   DEBUG: 2023-09-27 16:56:32,350:               cli.py:  103: test.md
    INFO: 2023-09-27 16:56:32,353:         converter.py:   14: test.md
   DEBUG: 2023-09-27 16:56:32,366:      pdf_renderer.py:  470: printSegment: 1 -   Ja, hallo und ein ganz herzliches Willkommen zu einer neuen Runde Meth Hinduischen.
   DEBUG: 2023-09-27 16:56:32,367:      pdf_renderer.py:  470: printSegment:  
   DEBUG: 2023-09-27 16:56:32,368:      pdf_renderer.py:  470: printSegment: 0
   DEBUG: 2023-09-27 16:56:32,369:      pdf_renderer.py:  470: printSegment:  
   DEBUG: 2023-09-27 16:56:32,379:      pdf_renderer.py:  235: /mnt/c/Users/proto/Development/extract_data_from_video/data/frame0.jpg, 1280, 720
   DEBUG: 2023-09-27 16:56:32,385:      pdf_renderer.py:  470: printSegment:  
   DEBUG: 2023-09-27 16:56:32,386:      pdf_renderer.py:  470: printSegment: 2 -   Ich bin
   DEBUG: 2023-09-27 16:56:32,387:      pdf_renderer.py:  470: printSegment: Amarcus und in diesem Video will ich über ein ganz wichtiges Thema sprechen,
   DEBUG: 2023-09-27 16:56:32,388:      pdf_renderer.py:  470: printSegment:  
   DEBUG: 2023-09-27 16:56:32,389:      pdf_renderer.py:  470: printSegment: 3 -   nämlich so was wie der
   DEBUG: 2023-09-27 16:56:32,390:      pdf_renderer.py:  470: printSegment: Schlüssel um algebraische Strukturen zu verstehen und damit um algebra zu
   DEBUG: 2023-09-27 16:56:32,390:      pdf_renderer.py:  470: printSegment:  
   DEBUG: 2023-09-27 16:56:32,391:      pdf_renderer.py:  470: printSegment: 4 -   verstehen.
   DEBUG: 2023-09-27 16:56:32,391:      pdf_renderer.py:  470: printSegment:  
   DEBUG: 2023-09-27 16:56:32,392:      pdf_renderer.py:  470: printSegment: 5 -   Und zwar basiert
   DEBUG: 2023-09-27 16:56:32,392:      pdf_renderer.py:  470: printSegment: dieses Video oder diese Idee dazu auf einem Kommentar zu einem anderen
   DEBUG: 2023-09-27 16:56:32,393:      pdf_renderer.py:  470: printSegment:  
   DEBUG: 2023-09-27 16:56:32,394:      pdf_renderer.py:  470: printSegment: 6 -   Video von mir über die
   DEBUG: 2023-09-27 16:56:32,394:      pdf_renderer.py:  470: printSegment: algebraischen Strukturen und die wichtigsten Begriffe, die verstehst du nur,
   DEBUG: 2023-09-27 16:56:32,395:      pdf_renderer.py:  470: printSegment:  
   DEBUG: 2023-09-27 16:56:32,396:      pdf_renderer.py:  470: printSegment: 7 -   wenn du diese eine Idee jetzt hier
   DEBUG: 2023-09-27 16:56:32,396:      pdf_renderer.py:  470: printSegment: gleich verstanden hast.
   DEBUG: 2023-09-27 16:56:32,397:      pdf_renderer.py:  470: printSegment:  
   DEBUG: 2023-09-27 16:56:32,397:      pdf_renderer.py:  470: printSegment: 8 -   Und zwar die wichtigsten Strukturen, die ich dir in dem Video vorgestellt habe, die
   DEBUG: 2023-09-27 16:56:32,398:      pdf_renderer.py:  470: printSegment:  
   DEBUG: 2023-09-27 16:56:32,399:      pdf_renderer.py:  470: printSegment: 9 -  
   DEBUG: 2023-09-27 16:56:32,399:      pdf_renderer.py:  470: printSegment: hier sind auch noch mal wichtig und wiederholung schadet nie.
   DEBUG: 2023-09-27 16:56:32,400:      pdf_renderer.py:  470: printSegment:  
   DEBUG: 2023-09-27 16:56:32,400:      pdf_renderer.py:  470: printSegment: 10 -   Deswegen du hast am meisten in den
   DEBUG: 2023-09-27 16:56:32,401:      pdf_renderer.py:  470: printSegment: Vorlesungen zu tun mit den Begriffen eines Ringes, mit
   DEBUG: 2023-09-27 16:56:32,401:      pdf_renderer.py:  470: printSegment:  
   DEBUG: 2023-09-27 16:56:32,402:      pdf_renderer.py:  470: printSegment: 11 -   einem Körper, mit einem Vektorraum.
   DEBUG: 2023-09-27 16:56:32,402:      pdf_renderer.py:  470: printSegment:  
   DEBUG: 2023-09-27 16:56:32,403:      pdf_renderer.py:  470: printSegment: 12 -   Ich kürz
   DEBUG: 2023-09-27 16:56:32,403:      pdf_renderer.py:  470: printSegment: das ab mit einer Gruppe und ganz selten so für fortgeschritten oder vielleicht hast
   DEBUG: 2023-09-27 16:56:32,404:      pdf_renderer.py:  470: printSegment:  
   DEBUG: 2023-09-27 16:56:32,405:      pdf_renderer.py:  470: printSegment: 13 -   du es auch schon gehabt
   DEBUG: 2023-09-27 16:56:32,405:      pdf_renderer.py:  470: printSegment: Modulen, also ein Modul mehrere Modulen.
   DEBUG: 2023-09-27 16:56:32,406:      pdf_renderer.py:  470: printSegment:  
   DEBUG: 2023-09-27 16:56:32,406:      pdf_renderer.py:  470: printSegment: 14 -   Und diese Begriffe, da ist es einmal wichtig, dass du so eine Art
   DEBUG: 2023-09-27 16:56:32,407:      pdf_renderer.py:  470: printSegment: Standardbeispiel immer im Kopf hast,
   DEBUG: 2023-09-27 16:56:32,408:      pdf_renderer.py:  470: printSegment:  
   DEBUG: 2023-09-27 16:56:32,408:      pdf_renderer.py:  470: printSegment: 15 -   was du dir darunter vorstellen kannst.
   DEBUG: 2023-09-27 16:56:32,409:      pdf_renderer.py:  470: printSegment:  
   DEBUG: 2023-09-27 16:56:32,409:      pdf_renderer.py:  470: printSegment: 16 -   Deswegen schreibe ich das
   DEBUG: 2023-09-27 16:56:32,410:      pdf_renderer.py:  470: printSegment: hier gleich dazu.
   DEBUG: 2023-09-27 16:56:32,411:      pdf_renderer.py:  470: printSegment:  
   DEBUG: 2023-09-27 16:56:32,411:      pdf_renderer.py:  470: printSegment: 17 -   Ein Ring hat erstmal die ganzen Zahlen, ein Körper hat die realen Zahlen, ein Vektorraum,
   DEBUG: 2023-09-27 16:56:32,412:      pdf_renderer.py:  470: printSegment:  
   DEBUG: 2023-09-27 16:56:32,412:      pdf_renderer.py:  470: printSegment: 18 -   der hat beispielsweise den Erkvertrat, den du dir da gut vorstellen kannst oder auch erhocht
   DEBUG: 2023-09-27 16:56:32,413:      pdf_renderer.py:  470: printSegment:  
   DEBUG: 2023-09-27 16:56:32,413:      pdf_renderer.py:  470: printSegment: 19 -   3 oder
   DEBUG: 2023-09-27 16:56:32,414:      pdf_renderer.py:  470: printSegment: irgendwas anderes.
   DEBUG: 2023-09-27 16:56:32,414:      pdf_renderer.py:  470: printSegment:  
   DEBUG: 2023-09-27 16:56:32,415:      pdf_renderer.py:  470: printSegment: 20 -   Und bei einer Gruppe nehme ich jetzt einfach mal auch die ganzen Zahlen mit der
   DEBUG: 2023-09-27 16:56:32,415:      pdf_renderer.py:  470: printSegment: Operation Plus,
   DEBUG: 2023-09-27 16:56:32,416:      pdf_renderer.py:  470: printSegment:  
   DEBUG: 2023-09-27 16:56:32,416:      pdf_renderer.py:  470: printSegment: 21 -   bei so einem Gruppe die steckt in Ringen und Körper steckt die immer drin.
   DEBUG: 2023-09-27 16:56:32,417:      pdf_renderer.py:  470: printSegment:  
   DEBUG: 2023-09-27 16:56:32,417:      pdf_renderer.py:  470: printSegment: 22 -   Aber dann
   DEBUG: 2023-09-27 16:56:32,418:      pdf_renderer.py:  470: printSegment: hat nur für eine Operation, in dem Fall das Plus.
   DEBUG: 2023-09-27 16:56:32,418:      pdf_renderer.py:  470: printSegment:  
   DEBUG: 2023-09-27 16:56:32,419:      pdf_renderer.py:  470: printSegment: 23 -   Wenn bei einem Ring und bei einem Körper, da habe ich
   DEBUG: 2023-09-27 16:56:32,419:      pdf_renderer.py:  470: printSegment: immer im Prinzip die vier Grundrechenarten,
   DEBUG: 2023-09-27 16:56:32,419:      pdf_renderer.py:  470: printSegment:  
   DEBUG: 2023-09-27 16:56:32,420:      pdf_renderer.py:  470: printSegment: 24 -   hier oben habe ich Plus, Minus, Mal und Geteilt.
   DEBUG: 2023-09-27 16:56:32,420:      pdf_renderer.py:  470: printSegment:  
   DEBUG: 2023-09-27 16:56:32,421:      pdf_renderer.py:  470: printSegment: 25 -   Und hier
   DEBUG: 2023-09-27 16:56:32,422:      pdf_renderer.py:  470: printSegment: drüben bei einem Ring habe ich fast die gleichen, nur mit dem Unterschied,
   DEBUG: 2023-09-27 16:56:32,423:      pdf_renderer.py:  470: printSegment:  
   DEBUG: 2023-09-27 16:56:32,424:      pdf_renderer.py:  470: printSegment: 26 -   dass ich also nicht immer Teilen
   DEBUG: 2023-09-27 16:56:32,424:      pdf_renderer.py:  470: printSegment: darf.
   DEBUG: 2023-09-27 16:56:32,425:      pdf_renderer.py:  470: printSegment:  
   DEBUG: 2023-09-27 16:56:32,425:      pdf_renderer.py:  470: printSegment: 27 -   Es gibt zwar Fälle, wo ich das machen kann, das Teilen aber nicht immer.
   DEBUG: 2023-09-27 16:56:32,426:      pdf_renderer.py:  470: printSegment:  
   DEBUG: 2023-09-27 16:56:32,426:      pdf_renderer.py:  470: printSegment: 28 -   Bei einem Vektorraum
   DEBUG: 2023-09-27 16:56:32,427:      pdf_renderer.py:  470: printSegment: hingegen, da kann ich auch Adirien und Subtrachieren, aber ich habe
   DEBUG: 2023-09-27 16:56:32,427:      pdf_renderer.py:  470: printSegment:  
   DEBUG: 2023-09-27 16:56:32,428:      pdf_renderer.py:  470: printSegment: 29 -   da keine Multiplikation, Vektor, Vektor,
   DEBUG: 2023-09-27 16:56:32,429:      pdf_renderer.py:  470: printSegment: sondern ich habe eine Scalar Multiplikation.
   DEBUG: 2023-09-27 16:56:32,429:      pdf_renderer.py:  470: printSegment:  
   DEBUG: 2023-09-27 16:56:32,430:      pdf_renderer.py:  470: printSegment: 30 -   Deswegen ich versuch
   DEBUG: 2023-09-27 16:56:32,430:      pdf_renderer.py:  470: printSegment: '
   DEBUG: 2023-09-27 16:56:32,431:      pdf_renderer.py:  470: printSegment: s ein bisschen kleiner zu machen, aber im
   DEBUG: 2023-09-27 16:56:32,432:      pdf_renderer.py:  470: printSegment: Prinzip ist es das gleiche Symbol,
   DEBUG: 2023-09-27 16:56:32,432:      pdf_renderer.py:  470: printSegment:  
   DEBUG: 2023-09-27 16:56:32,433:      pdf_renderer.py:  470: printSegment: 31 -   man benutzt fast immer auch das Multiplikation Symbol, also der einfache
   DEBUG: 2023-09-27 16:56:32,434:      pdf_renderer.py:  470: printSegment: Punkt für dieses Symbol.
   DEBUG: 2023-09-27 16:56:32,434:      pdf_renderer.py:  470: printSegment:  
   DEBUG: 2023-09-27 16:56:32,435:      pdf_renderer.py:  470: printSegment: 32 -   Aber es ist im Prinzip was anderes, weil hier oben ist es immer so, du hast zwei
   DEBUG: 2023-09-27 16:56:32,435:      pdf_renderer.py:  470: printSegment: Elemente
   DEBUG: 2023-09-27 16:56:32,436:      pdf_renderer.py:  470: printSegment:  
   DEBUG: 2023-09-27 16:56:32,436:      pdf_renderer.py:  470: printSegment: 33 -   darin, bei Ringen, bei Körper, bei Gruppe und die vermischen sich und werden dann zu irgendeinem
   DEBUG: 2023-09-27 16:56:32,437:      pdf_renderer.py:  470: printSegment: 34 -   dritten Element. Bei der Scalar Multiplikation ist es aber anders, weil zu jedem Vektorraum
   DEBUG: 2023-09-27 16:56:32,437:      pdf_renderer.py:  470: printSegment:  
   DEBUG: 2023-09-27 16:56:32,438:      pdf_renderer.py:  470: printSegment: 35 -   gehört noch
   DEBUG: 2023-09-27 16:56:32,438:      pdf_renderer.py:  470: printSegment: ein zugrunde Liegen der Körper, das ist in unserem Beispiel hier die Menge
   DEBUG: 2023-09-27 16:56:32,439:      pdf_renderer.py:  470: printSegment:  
   DEBUG: 2023-09-27 16:56:32,440:      pdf_renderer.py:  470: printSegment: 36 -   der realen Zahlen, die steckt hier
   DEBUG: 2023-09-27 16:56:32,440:      pdf_renderer.py:  470: printSegment: schon drin, wie du siehst, da steckt der Körper im
   DEBUG: 2023-09-27 16:56:32,441:      pdf_renderer.py:  470: printSegment:  
   DEBUG: 2023-09-27 16:56:32,442:      pdf_renderer.py:  470: printSegment: 37 -   Vektorraum drin. Du kannst ja auch immer vorstellen, ein
   DEBUG: 2023-09-27 16:56:32,442:      pdf_renderer.py:  470: printSegment: Vektorraum ist wie mehrfach so
   DEBUG: 2023-09-27 16:56:32,443:      pdf_renderer.py:  470: printSegment:  
   DEBUG: 2023-09-27 16:56:32,443:      pdf_renderer.py:  470: printSegment: 38 -   Körper hintereinander geschalten, als Menge erst mal zumindest gesehen.
   DEBUG: 2023-09-27 16:56:32,444:      pdf_renderer.py:  470: printSegment:  
   DEBUG: 2023-09-27 16:56:32,445:      pdf_renderer.py:  470: printSegment: 39 -
   DEBUG: 2023-09-27 16:56:32,446:      pdf_renderer.py:  470: printSegment:   Also die Einträge in einem Vektorraum sind sozusagen aus einem Körper. Das ist erstmal das Grund
   DEBUG: 2023-09-27 16:56:32,446:      pdf_renderer.py:  470: printSegment:  
   DEBUG: 2023-09-27 16:56:32,447:      pdf_renderer.py:  470: printSegment: 40 -   wissen,
   DEBUG: 2023-09-27 16:56:32,447:      pdf_renderer.py:  470: printSegment: was du haben solltest, überall gebraagisch. Und jetzt ist es aber ganz wichtig, folgenden
   DEBUG: 2023-09-27 16:56:32,448:      pdf_renderer.py:  470: printSegment:  
   DEBUG: 2023-09-27 16:56:32,455:      pdf_renderer.py:  235: /mnt/c/Users/proto/Development/extract_data_from_video/data/frame5675.jpg, 1280, 720
   DEBUG: 2023-09-27 16:56:32,464:      pdf_renderer.py:  470: printSegment:  
   DEBUG: 2023-09-27 16:56:32,465:      pdf_renderer.py:  470: printSegment: 41 -   Fakt zu verstehen und zwar ist eine allgebraagische Struktur erst mal nichts anderes als eine Menge M,
   DEBUG: 2023-09-27 16:56:32,465:      pdf_renderer.py:  470: printSegment:  
   DEBUG: 2023-09-27 16:56:32,473:      pdf_renderer.py:  235: /mnt/c/Users/proto/Development/extract_data_from_video/data/frame5786.jpg, 1280, 720
   DEBUG: 2023-09-27 16:56:32,482:      pdf_renderer.py:  470: printSegment:  
   DEBUG: 2023-09-27 16:56:32,489:      pdf_renderer.py:  235: /mnt/c/Users/proto/Development/extract_data_from_video/data/frame5787.jpg, 1280, 720
   DEBUG: 2023-09-27 16:56:32,497:      pdf_renderer.py:  470: printSegment:  
   DEBUG: 2023-09-27 16:56:32,498:      pdf_renderer.py:  470: printSegment: 42 -   mit der du anfängst. Dieses M das kann doch irgendein anderes Symbol sein, also das ist jetzt wirklich
   DEBUG: 2023-09-27 16:56:32,499:      pdf_renderer.py:  470: printSegment:  
   DEBUG: 2023-09-27 16:56:32,499:      pdf_renderer.py:  470: printSegment: 43 -  
   DEBUG: 2023-09-27 16:56:32,500:      pdf_renderer.py:  470: printSegment: nur weil M, das selbe, den selben Buchstaben am Anfang hat wie Menge. Also du fängst immer
   DEBUG: 2023-09-27 16:56:32,501:      pdf_renderer.py:  470: printSegment:  
   DEBUG: 2023-09-27 16:56:32,501:      pdf_renderer.py:  470: printSegment: 44 -   mit einer
   DEBUG: 2023-09-27 16:56:32,502:      pdf_renderer.py:  470: printSegment: Menge an. Und was hat so eine Menge für tolle Eigenschaften, im Prinzip gar keine,
   DEBUG: 2023-09-27 16:56:32,502:      pdf_renderer.py:  470: printSegment:  
   DEBUG: 2023-09-27 16:56:32,503:      pdf_renderer.py:  470: printSegment: 45 -   die du hast deine
   DEBUG: 2023-09-27 16:56:32,504:      pdf_renderer.py:  470: printSegment: Elemente, du hast deine Objekte, aber du kannst mit denen nichts machen, weil so eine
   DEBUG: 2023-09-27 16:56:32,504:      pdf_renderer.py:  470: printSegment:  
   DEBUG: 2023-09-27 16:56:32,505:      pdf_renderer.py:  470: printSegment: 46 -   Menge ist erstmal tot.
   DEBUG: 2023-09-27 16:56:32,505:      pdf_renderer.py:  470: printSegment: Und deswegen kommt jetzt so eine Struktur ins Spiel, weil du möchtest,
   DEBUG: 2023-09-27 16:56:32,506:      pdf_renderer.py:  470: printSegment:  
   DEBUG: 2023-09-27 16:56:32,506:      pdf_renderer.py:  470: printSegment: 47 -   dass deine Elemente irgendwie
   DEBUG: 2023-09-27 16:56:32,507:      pdf_renderer.py:  470: printSegment: interagieren können, wenn du A und B-Nims dann solltet was wieder
   DEBUG: 2023-09-27 16:56:32,507:      pdf_renderer.py:  470: printSegment:  
   DEBUG: 2023-09-27 16:56:32,508:      pdf_renderer.py:  470: printSegment: 48 -   dabei passieren, da soll was
   DEBUG: 2023-09-27 16:56:32,508:      pdf_renderer.py:  470: printSegment: rauskommen. Und zwar warum ist das so ja, weil diese ganzen Grundrechenarten,
   DEBUG: 2023-09-27 16:56:32,509:      pdf_renderer.py:  470: printSegment:  
   DEBUG: 2023-09-27 16:56:32,509:      pdf_renderer.py:  470: printSegment: 49 -   die wir oben schon
   DEBUG: 2023-09-27 16:56:32,510:      pdf_renderer.py:  470: printSegment: kennengelernt haben, das sind ja Dinge, die sind aus der Praxis abgeleitet,
   DEBUG: 2023-09-27 16:56:32,510:      pdf_renderer.py:  470: printSegment:  
   DEBUG: 2023-09-27 16:56:32,511:      pdf_renderer.py:  470: printSegment: 50 -   aus der Realität haben wir
   DEBUG: 2023-09-27 16:56:32,511:      pdf_renderer.py:  470: printSegment: Erkannter, gibt es einen nutzen und diese ganzen Rechenregeln,
   DEBUG: 2023-09-27 16:56:32,512:      pdf_renderer.py:  470: printSegment:  
   DEBUG: 2023-09-27 16:56:32,513:      pdf_renderer.py:  470: printSegment: 51 -   die sind nichts anderes formal gesehen als
   DEBUG: 2023-09-27 16:56:32,514:      pdf_renderer.py:  470: printSegment: eine Struktur. Das heißt, du möchtest deiner Menge
   DEBUG: 2023-09-27 16:56:32,515:      pdf_renderer.py:  470: printSegment:  
   DEBUG: 2023-09-27 16:56:32,516:      pdf_renderer.py:  470: printSegment: 52 -   Rechenregeln geben und diese Rechenregeln
   DEBUG: 2023-09-27 16:56:32,516:      pdf_renderer.py:  470: printSegment: unterscheiden sich jetzt je nach Anwendungsfall. So,
   DEBUG: 2023-09-27 16:56:32,517:      pdf_renderer.py:  470: printSegment:  
   DEBUG: 2023-09-27 16:56:32,517:      pdf_renderer.py:  470: printSegment: 53 -   das ist jetzt ganz wichtig. Also das heißt, eine Menge hat
   DEBUG: 2023-09-27 16:56:32,518:      pdf_renderer.py:  470: printSegment: nicht die Struktur. Beispielsweise könnte
   DEBUG: 2023-09-27 16:56:32,518:      pdf_renderer.py:  470: printSegment:  
   DEBUG: 2023-09-27 16:56:32,519:      pdf_renderer.py:  470: printSegment: 54 -   man ja denken, die Riellenzahlen, ich nehme eine andere Farbe hier
   DEBUG: 2023-09-27 16:56:32,519:      pdf_renderer.py:  470: printSegment: unten, beispielsweise die
   DEBUG: 2023-09-27 16:56:32,519:      pdf_renderer.py:  470: printSegment:  
   DEBUG: 2023-09-27 16:56:32,520:      pdf_renderer.py:  470: printSegment: 55 -   Riellenzahlen, da könnte man denken, die Riellenzahlen, die sind ein Körper, ich
   DEBUG: 2023-09-27 16:56:32,520:      pdf_renderer.py:  470: printSegment: weiß, die Riellenzahlen
   DEBUG: 2023-09-27 16:56:32,521:      pdf_renderer.py:  470: printSegment:  
   DEBUG: 2023-09-27 16:56:32,521:      pdf_renderer.py:  470: printSegment: 56 -   sind ein Körper und nichts anderes und wenn jemand kommt und was anderes
   DEBUG: 2023-09-27 16:56:32,522:      pdf_renderer.py:  470: printSegment: behauptet, dann werde ich
   DEBUG: 2023-09-27 16:56:32,522:      pdf_renderer.py:  470: printSegment:  
   DEBUG: 2023-09-27 16:56:32,523:      pdf_renderer.py:  470: printSegment: 57 -   dementse besseren belehren, aber das ist wirklich falsch, weil je nachdem, was
   DEBUG: 2023-09-27 16:56:32,523:      pdf_renderer.py:  470: printSegment: mein Anwendungsfall ist,
   DEBUG: 2023-09-27 16:56:32,524:      pdf_renderer.py:  470: printSegment:  
   DEBUG: 2023-09-27 16:56:32,524:      pdf_renderer.py:  470: printSegment: 58 -   können die Riellenzahlen auch eine ganz andere Struktur tragen. Ich kann nämlich
   DEBUG: 2023-09-27 16:56:32,525:      pdf_renderer.py:  470: printSegment: auch die Riellenzahlen
   DEBUG: 2023-09-27 16:56:32,525:      pdf_renderer.py:  470: printSegment:  
   DEBUG: 2023-09-27 16:56:32,526:      pdf_renderer.py:  470: printSegment: 59 -   interpretieren als einen Ring, weil jeden Körper kann ich als einen Ring auffassen. Ich
   DEBUG: 2023-09-27 16:56:32,526:      pdf_renderer.py:  470: printSegment: könnte allerdings
   DEBUG: 2023-09-27 16:56:32,527:      pdf_renderer.py:  470: printSegment:  
   DEBUG: 2023-09-27 16:56:32,527:      pdf_renderer.py:  470: printSegment: 60 -   auch die Riellenzahlen auffassen als einen Wektorraum. Das geht auch, weil ein
   DEBUG: 2023-09-27 16:56:32,528:      pdf_renderer.py:  470: printSegment: Wektorraum ist,
   DEBUG: 2023-09-27 16:56:32,528:      pdf_renderer.py:  470: printSegment:  
   DEBUG: 2023-09-27 16:56:32,529:      pdf_renderer.py:  470: printSegment: 61 -   also nur der Erhoch 1, wenn ich das hier noch hinschreien würde, ist ja etwas ähnliches hier
   DEBUG: 2023-09-27 16:56:32,529:      pdf_renderer.py:  470: printSegment: wie
   DEBUG: 2023-09-27 16:56:32,530:      pdf_renderer.py:  470: printSegment:  
   DEBUG: 2023-09-27 16:56:32,531:      pdf_renderer.py:  470: printSegment: 62 -   ein Erhoch 2, also allgemein etwas von der Form Erhoch nennen, das kennst du ja auch als Wektorraum.
   DEBUG: 2023-09-27 16:56:32,531:      pdf_renderer.py:  470: printSegment:  
   DEBUG: 2023-09-27 16:56:32,532:      pdf_renderer.py:  470: printSegment: 63 -   Und das muss ich überhaupt nicht widersprechen. Also ich kann tatsächlich auch sagen, die Riellenzahlen
   DEBUG: 2023-09-27 16:56:32,532:      pdf_renderer.py:  470: printSegment:  
   DEBUG: 2023-09-27 16:56:32,533:      pdf_renderer.py:  470: printSegment: 64 - 
   DEBUG: 2023-09-27 16:56:32,533:      pdf_renderer.py:  470: printSegment:  sind ein eindimensionaler Wektorraum, das ist völlig korrekt und sogar einer der wichtigen
   DEBUG: 2023-09-27 16:56:32,534:      pdf_renderer.py:  470: printSegment:  
   DEBUG: 2023-09-27 16:56:32,535:      pdf_renderer.py:  470: printSegment: 65 -   Anwendungsfälle
   DEBUG: 2023-09-27 16:56:32,535:      pdf_renderer.py:  470: printSegment: in der Dienerleigebrach. Ich könnte aber auch sagen, die Riellenzahlen sind ein
   DEBUG: 2023-09-27 16:56:32,536:      pdf_renderer.py:  470: printSegment:  
   DEBUG: 2023-09-27 16:56:32,537:      pdf_renderer.py:  470: printSegment: 66 -   Modul, weil jeder Wektorraum
   DEBUG: 2023-09-27 16:56:32,537:      pdf_renderer.py:  470: printSegment: ist insbesondere ein Modul, genauso wie jeder Körper, insbesondere ein
   DEBUG: 2023-09-27 16:56:32,538:      pdf_renderer.py:  470: printSegment:  
   DEBUG: 2023-09-27 16:56:32,538:      pdf_renderer.py:  470: printSegment: 67 -   Ring ist. Und deswegen merkst du
   DEBUG: 2023-09-27 16:56:32,539:      pdf_renderer.py:  470: printSegment: jetzt hier, du hast formal gesehen erst mal nur die Menge,
   DEBUG: 2023-09-27 16:56:32,540:      pdf_renderer.py:  470: printSegment:  
   DEBUG: 2023-09-27 16:56:32,540:      pdf_renderer.py:  470: printSegment: 68 -   die immer identisch ist, hier oben steht formal nur
   DEBUG: 2023-09-27 16:56:32,541:      pdf_renderer.py:  470: printSegment: eine Menge und die hat ein Symbol und welche
   DEBUG: 2023-09-27 16:56:32,541:      pdf_renderer.py:  470: printSegment:  
   DEBUG: 2023-09-27 16:56:32,542:      pdf_renderer.py:  470: printSegment: 69 -   Struktur du dieser Menge gibt, das ist je nach Anwendungsfall
   DEBUG: 2023-09-27 16:56:32,542:      pdf_renderer.py:  470: printSegment: verschieden. Und deswegen ist es so
   DEBUG: 2023-09-27 16:56:32,543:      pdf_renderer.py:  470: printSegment:  
   DEBUG: 2023-09-27 16:56:32,543:      pdf_renderer.py:  470: printSegment: 70 -   wichtig, dass du das verstehst, also eine Struktur kann man quasi
   DEBUG: 2023-09-27 16:56:32,544:      pdf_renderer.py:  470: printSegment: wechseln für eine Menge, wie du deine
   DEBUG: 2023-09-27 16:56:32,544:      pdf_renderer.py:  470: printSegment:  
   DEBUG: 2023-09-27 16:56:32,552:      pdf_renderer.py:  235: /mnt/c/Users/proto/Development/extract_data_from_video/data/frame11171.jpg, 1280, 720
   DEBUG: 2023-09-27 16:56:32,560:      pdf_renderer.py:  470: printSegment:  
   DEBUG: 2023-09-27 16:56:32,568:      pdf_renderer.py:  235: /mnt/c/Users/proto/Development/extract_data_from_video/data/frame11172.jpg, 1280, 720
   DEBUG: 2023-09-27 16:56:32,577:      pdf_renderer.py:  470: printSegment:  
   DEBUG: 2023-09-27 16:56:32,584:      pdf_renderer.py:  235: /mnt/c/Users/proto/Development/extract_data_from_video/data/frame11173.jpg, 1280, 720
   DEBUG: 2023-09-27 16:56:32,593:      pdf_renderer.py:  470: printSegment:  
   DEBUG: 2023-09-27 16:56:32,600:      pdf_renderer.py:  235: /mnt/c/Users/proto/Development/extract_data_from_video/data/frame11175.jpg, 1280, 720
   DEBUG: 2023-09-27 16:56:32,609:      pdf_renderer.py:  470: printSegment:  
   DEBUG: 2023-09-27 16:56:32,616:      pdf_renderer.py:  235: /mnt/c/Users/proto/Development/extract_data_from_video/data/frame11176.jpg, 1280, 720
   DEBUG: 2023-09-27 16:56:32,625:      pdf_renderer.py:  470: printSegment:  
   DEBUG: 2023-09-27 16:56:32,633:      pdf_renderer.py:  235: /mnt/c/Users/proto/Development/extract_data_from_video/data/frame11177.jpg, 1280, 720
   DEBUG: 2023-09-27 16:56:32,641:      pdf_renderer.py:  470: printSegment:  
   DEBUG: 2023-09-27 16:56:32,649:      pdf_renderer.py:  235: /mnt/c/Users/proto/Development/extract_data_from_video/data/frame11178.jpg, 1280, 720
   DEBUG: 2023-09-27 16:56:32,658:      pdf_renderer.py:  470: printSegment:  
   DEBUG: 2023-09-27 16:56:32,667:      pdf_renderer.py:  235: /mnt/c/Users/proto/Development/extract_data_from_video/data/frame11179.jpg, 1280, 720
   DEBUG: 2023-09-27 16:56:32,675:      pdf_renderer.py:  470: printSegment:  
   DEBUG: 2023-09-27 16:56:32,683:      pdf_renderer.py:  235: /mnt/c/Users/proto/Development/extract_data_from_video/data/frame11203.jpg, 1280, 720
   DEBUG: 2023-09-27 16:56:32,691:      pdf_renderer.py:  470: printSegment:  
   DEBUG: 2023-09-27 16:56:32,699:      pdf_renderer.py:  235: /mnt/c/Users/proto/Development/extract_data_from_video/data/frame11205.jpg, 1280, 720
   DEBUG: 2023-09-27 16:56:32,707:      pdf_renderer.py:  470: printSegment:  
   DEBUG: 2023-09-27 16:56:32,716:      pdf_renderer.py:  235: /mnt/c/Users/proto/Development/extract_data_from_video/data/frame11206.jpg, 1280, 720
   DEBUG: 2023-09-27 16:56:32,724:      pdf_renderer.py:  470: printSegment:  
   DEBUG: 2023-09-27 16:56:32,733:      pdf_renderer.py:  235: /mnt/c/Users/proto/Development/extract_data_from_video/data/frame11207.jpg, 1280, 720
   DEBUG: 2023-09-27 16:56:32,741:      pdf_renderer.py:  470: printSegment:  
   DEBUG: 2023-09-27 16:56:32,751:      pdf_renderer.py:  235: /mnt/c/Users/proto/Development/extract_data_from_video/data/frame11208.jpg, 1280, 720
   DEBUG: 2023-09-27 16:56:32,760:      pdf_renderer.py:  470: printSegment:  
   DEBUG: 2023-09-27 16:56:32,768:      pdf_renderer.py:  235: /mnt/c/Users/proto/Development/extract_data_from_video/data/frame11212.jpg, 1280, 720
   DEBUG: 2023-09-27 16:56:32,776:      pdf_renderer.py:  470: printSegment:  
   DEBUG: 2023-09-27 16:56:32,785:      pdf_renderer.py:  235: /mnt/c/Users/proto/Development/extract_data_from_video/data/frame11213.jpg, 1280, 720
   DEBUG: 2023-09-27 16:56:32,793:      pdf_renderer.py:  470: printSegment:  
   DEBUG: 2023-09-27 16:56:32,801:      pdf_renderer.py:  235: /mnt/c/Users/proto/Development/extract_data_from_video/data/frame11214.jpg, 1280, 720
   DEBUG: 2023-09-27 16:56:32,811:      pdf_renderer.py:  470: printSegment:  
   DEBUG: 2023-09-27 16:56:32,819:      pdf_renderer.py:  235: /mnt/c/Users/proto/Development/extract_data_from_video/data/frame11215.jpg, 1280, 720
   DEBUG: 2023-09-27 16:56:32,828:      pdf_renderer.py:  470: printSegment:  
   DEBUG: 2023-09-27 16:56:32,837:      pdf_renderer.py:  235: /mnt/c/Users/proto/Development/extract_data_from_video/data/frame11217.jpg, 1280, 720
   DEBUG: 2023-09-27 16:56:32,845:      pdf_renderer.py:  470: printSegment:  
   DEBUG: 2023-09-27 16:56:32,846:      pdf_renderer.py:  470: printSegment: 71 -   Kleiderwechselst jeden Tag, ja, heute ziehst du das an, morgen ziehst du das an, je nach dem, was der
   DEBUG: 2023-09-27 16:56:32,846:      pdf_renderer.py:  470: printSegment:  
   DEBUG: 2023-09-27 16:56:32,847:      pdf_renderer.py:  470: printSegment: 72 -  
   DEBUG: 2023-09-27 16:56:32,847:      pdf_renderer.py:  470: printSegment: Anwendungsfall ist, ja, morgen gehst du an die Uni und über morgen hast du ein Vorstellungsgespräch,
   DEBUG: 2023-09-27 16:56:32,848:      pdf_renderer.py:  470: printSegment:  
   DEBUG: 2023-09-27 16:56:32,848:      pdf_renderer.py:  470: printSegment: 73 -   ja, da
   DEBUG: 2023-09-27 16:56:32,849:      pdf_renderer.py:  470: printSegment: ist der Anwendungsfall ein anderer und deswegen wechselst du die Klamotten, ja. Und so
   DEBUG: 2023-09-27 16:56:32,850:      pdf_renderer.py:  470: printSegment:  
   DEBUG: 2023-09-27 16:56:32,857:      pdf_renderer.py:  235: /mnt/c/Users/proto/Development/extract_data_from_video/data/frame11762.jpg, 1280, 720
   DEBUG: 2023-09-27 16:56:32,866:      pdf_renderer.py:  470: printSegment:  
   DEBUG: 2023-09-27 16:56:32,875:      pdf_renderer.py:  235: /mnt/c/Users/proto/Development/extract_data_from_video/data/frame11764.jpg, 1280, 720
   DEBUG: 2023-09-27 16:56:32,884:      pdf_renderer.py:  470: printSegment:  
   DEBUG: 2023-09-27 16:56:32,892:      pdf_renderer.py:  235: /mnt/c/Users/proto/Development/extract_data_from_video/data/frame11765.jpg, 1280, 720
   DEBUG: 2023-09-27 16:56:32,901:      pdf_renderer.py:  470: printSegment:  
   DEBUG: 2023-09-27 16:56:32,910:      pdf_renderer.py:  235: /mnt/c/Users/proto/Development/extract_data_from_video/data/frame11766.jpg, 1280, 720
   DEBUG: 2023-09-27 16:56:32,918:      pdf_renderer.py:  470: printSegment:  
   DEBUG: 2023-09-27 16:56:32,919:      pdf_renderer.py:  470: printSegment: 74 -   genau so ist das quasi hier auch bei den algebraischen Strukturen und deswegen ist es falsch, wenn
   DEBUG: 2023-09-27 16:56:32,920:      pdf_renderer.py:  470: printSegment:  
   DEBUG: 2023-09-27 16:56:32,929:      pdf_renderer.py:  235: /mnt/c/Users/proto/Development/extract_data_from_video/data/frame11802.jpg, 1280, 720
   DEBUG: 2023-09-27 16:56:32,937:      pdf_renderer.py:  470: printSegment:  
   DEBUG: 2023-09-27 16:56:32,946:      pdf_renderer.py:  235: /mnt/c/Users/proto/Development/extract_data_from_video/data/frame11804.jpg, 1280, 720
   DEBUG: 2023-09-27 16:56:32,955:      pdf_renderer.py:  470: printSegment:  
   DEBUG: 2023-09-27 16:56:32,962:      pdf_renderer.py:  235: /mnt/c/Users/proto/Development/extract_data_from_video/data/frame11807.jpg, 1280, 720
   DEBUG: 2023-09-27 16:56:32,971:      pdf_renderer.py:  470: printSegment:  
   DEBUG: 2023-09-27 16:56:32,979:      pdf_renderer.py:  235: /mnt/c/Users/proto/Development/extract_data_from_video/data/frame11811.jpg, 1280, 720
   DEBUG: 2023-09-27 16:56:32,987:      pdf_renderer.py:  470: printSegment:  
   DEBUG: 2023-09-27 16:56:32,995:      pdf_renderer.py:  235: /mnt/c/Users/proto/Development/extract_data_from_video/data/frame11812.jpg, 1280, 720
   DEBUG: 2023-09-27 16:56:33,004:      pdf_renderer.py:  470: printSegment:  
   DEBUG: 2023-09-27 16:56:33,012:      pdf_renderer.py:  235: /mnt/c/Users/proto/Development/extract_data_from_video/data/frame11814.jpg, 1280, 720
   DEBUG: 2023-09-27 16:56:33,023:      pdf_renderer.py:  470: printSegment:  
   DEBUG: 2023-09-27 16:56:33,033:      pdf_renderer.py:  235: /mnt/c/Users/proto/Development/extract_data_from_video/data/frame11815.jpg, 1280, 720
   DEBUG: 2023-09-27 16:56:33,044:      pdf_renderer.py:  470: printSegment:  
   DEBUG: 2023-09-27 16:56:33,053:      pdf_renderer.py:  235: /mnt/c/Users/proto/Development/extract_data_from_video/data/frame11817.jpg, 1280, 720
   DEBUG: 2023-09-27 16:56:33,063:      pdf_renderer.py:  470: printSegment:  
   DEBUG: 2023-09-27 16:56:33,073:      pdf_renderer.py:  235: /mnt/c/Users/proto/Development/extract_data_from_video/data/frame11819.jpg, 1280, 720
   DEBUG: 2023-09-27 16:56:33,083:      pdf_renderer.py:  470: printSegment:  
   DEBUG: 2023-09-27 16:56:33,093:      pdf_renderer.py:  235: /mnt/c/Users/proto/Development/extract_data_from_video/data/frame11823.jpg, 1280, 720
   DEBUG: 2023-09-27 16:56:33,101:      pdf_renderer.py:  470: printSegment:  
   DEBUG: 2023-09-27 16:56:33,102:      pdf_renderer.py:  470: printSegment: 75 -   jemand kommt und sagt, das ist ein Ring und deswegen ist das kein Wektorraum oder so, ja, das ist
   DEBUG: 2023-09-27 16:56:33,102:      pdf_renderer.py:  470: printSegment:  
   DEBUG: 2023-09-27 16:56:33,103:      pdf_renderer.py:  470: printSegment: 76 -   per
   DEBUG: 2023-09-27 16:56:33,104:      pdf_renderer.py:  470: printSegment: se erst mal nicht ausgeschlossen. Aber was halt auch so ist, es gibt typische Anwendungsfälle und
   DEBUG: 2023-09-27 16:56:33,104:      pdf_renderer.py:  470: printSegment:  
   DEBUG: 2023-09-27 16:56:33,105:      pdf_renderer.py:  470: printSegment: 77 -   deswegen
   DEBUG: 2023-09-27 16:56:33,106:      pdf_renderer.py:  470: printSegment: habe ich dir diese beispiele hier hingemacht, das sind nämlich typische Beispiele, das sind so,
   DEBUG: 2023-09-27 16:56:33,107:      pdf_renderer.py:  470: printSegment:  
   DEBUG: 2023-09-27 16:56:33,108:      pdf_renderer.py:  470: printSegment: 78 -   was wir die
   DEBUG: 2023-09-27 16:56:33,108:      pdf_renderer.py:  470: printSegment: häufigsten Anwendungsfälle, die du also in der Vorlesung haben wirst, die Riellenzahlen,
   DEBUG: 2023-09-27 16:56:33,109:      pdf_renderer.py:  470: printSegment:  
   DEBUG: 2023-09-27 16:56:33,109:      pdf_renderer.py:  470: printSegment: 79 -   die sind halt in der
   DEBUG: 2023-09-27 16:56:33,110:      pdf_renderer.py:  470: printSegment: Regel sehr, sehr häufig ein Körper und man möchte in einem Körper, die
   DEBUG: 2023-09-27 16:56:33,111:      pdf_renderer.py:  470: printSegment:  
   DEBUG: 2023-09-27 16:56:33,111:      pdf_renderer.py:  470: printSegment: 80 -   vier Grundrechenarten nutzen und
   DEBUG: 2023-09-27 16:56:33,112:      pdf_renderer.py:  470: printSegment: die realen Zahlen, die bieten sich dafür halt wunderbar an. Der
   DEBUG: 2023-09-27 16:56:33,113:      pdf_renderer.py:  470: printSegment:  
   DEBUG: 2023-09-27 16:56:33,113:      pdf_renderer.py:  470: printSegment: 81 -   Erhoch 2, der ist halt ein Wektorraum, klar, der
   DEBUG: 2023-09-27 16:56:33,114:      pdf_renderer.py:  470: printSegment: ist auch ein Modul, aber fast immer wirst du den
   DEBUG: 2023-09-27 16:56:33,114:      pdf_renderer.py:  470: printSegment:  
   DEBUG: 2023-09-27 16:56:33,115:      pdf_renderer.py:  470: printSegment: 82 -   im Kontext eines Wektorroms verwenden und deswegen,
   DEBUG: 2023-09-27 16:56:33,115:      pdf_renderer.py:  470: printSegment: wenn ich dieses Bild nochmal hier unten aufgreife,
   DEBUG: 2023-09-27 16:56:33,116:      pdf_renderer.py:  470: printSegment:  
   DEBUG: 2023-09-27 16:56:33,124:      pdf_renderer.py:  235: /mnt/c/Users/proto/Development/extract_data_from_video/data/frame13206.jpg, 1280, 720
   DEBUG: 2023-09-27 16:56:33,134:      pdf_renderer.py:  470: printSegment:  
   DEBUG: 2023-09-27 16:56:33,143:      pdf_renderer.py:  235: /mnt/c/Users/proto/Development/extract_data_from_video/data/frame13207.jpg, 1280, 720
   DEBUG: 2023-09-27 16:56:33,152:      pdf_renderer.py:  470: printSegment:  
   DEBUG: 2023-09-27 16:56:33,161:      pdf_renderer.py:  235: /mnt/c/Users/proto/Development/extract_data_from_video/data/frame13209.jpg, 1280, 720
   DEBUG: 2023-09-27 16:56:33,171:      pdf_renderer.py:  470: printSegment:  
   DEBUG: 2023-09-27 16:56:33,180:      pdf_renderer.py:  235: /mnt/c/Users/proto/Development/extract_data_from_video/data/frame13210.jpg, 1280, 720
   DEBUG: 2023-09-27 16:56:33,189:      pdf_renderer.py:  470: printSegment:  
   DEBUG: 2023-09-27 16:56:33,197:      pdf_renderer.py:  235: /mnt/c/Users/proto/Development/extract_data_from_video/data/frame13217.jpg, 1280, 720
   DEBUG: 2023-09-27 16:56:33,207:      pdf_renderer.py:  470: printSegment:  
   DEBUG: 2023-09-27 16:56:33,216:      pdf_renderer.py:  235: /mnt/c/Users/proto/Development/extract_data_from_video/data/frame13219.jpg, 1280, 720
   DEBUG: 2023-09-27 16:56:33,226:      pdf_renderer.py:  470: printSegment:  
   DEBUG: 2023-09-27 16:56:33,237:      pdf_renderer.py:  235: /mnt/c/Users/proto/Development/extract_data_from_video/data/frame13220.jpg, 1280, 720
   DEBUG: 2023-09-27 16:56:33,246:      pdf_renderer.py:  470: printSegment:  
   DEBUG: 2023-09-27 16:56:33,258:      pdf_renderer.py:  235: /mnt/c/Users/proto/Development/extract_data_from_video/data/frame13221.jpg, 1280, 720
   DEBUG: 2023-09-27 16:56:33,268:      pdf_renderer.py:  470: printSegment:  
   DEBUG: 2023-09-27 16:56:33,279:      pdf_renderer.py:  235: /mnt/c/Users/proto/Development/extract_data_from_video/data/frame13222.jpg, 1280, 720
   DEBUG: 2023-09-27 16:56:33,288:      pdf_renderer.py:  470: printSegment:  
   DEBUG: 2023-09-27 16:56:33,298:      pdf_renderer.py:  235: /mnt/c/Users/proto/Development/extract_data_from_video/data/frame13223.jpg, 1280, 720
   DEBUG: 2023-09-27 16:56:33,307:      pdf_renderer.py:  470: printSegment:  
   DEBUG: 2023-09-27 16:56:33,316:      pdf_renderer.py:  235: /mnt/c/Users/proto/Development/extract_data_from_video/data/frame13230.jpg, 1280, 720
   DEBUG: 2023-09-27 16:56:33,325:      pdf_renderer.py:  470: printSegment:  
   DEBUG: 2023-09-27 16:56:33,334:      pdf_renderer.py:  235: /mnt/c/Users/proto/Development/extract_data_from_video/data/frame13231.jpg, 1280, 720
   DEBUG: 2023-09-27 16:56:33,343:      pdf_renderer.py:  470: printSegment:  
   DEBUG: 2023-09-27 16:56:33,353:      pdf_renderer.py:  235: /mnt/c/Users/proto/Development/extract_data_from_video/data/frame13233.jpg, 1280, 720
   DEBUG: 2023-09-27 16:56:33,363:      pdf_renderer.py:  470: printSegment:  
   DEBUG: 2023-09-27 16:56:33,372:      pdf_renderer.py:  235: /mnt/c/Users/proto/Development/extract_data_from_video/data/frame13234.jpg, 1280, 720
   DEBUG: 2023-09-27 16:56:33,381:      pdf_renderer.py:  470: printSegment:  
   DEBUG: 2023-09-27 16:56:33,381:      pdf_renderer.py:  470: printSegment: 83 -   gibt es so was wie einen typischen Anwendungsfall, der sehr, sehr häufig eintritt. Aber sobald dir
   DEBUG: 2023-09-27 16:56:33,382:      pdf_renderer.py:  470: printSegment:  
   DEBUG: 2023-09-27 16:56:33,383:      pdf_renderer.py:  470: printSegment: 84 -   dieses
   DEBUG: 2023-09-27 16:56:33,383:      pdf_renderer.py:  470: printSegment: Wort begegnet, ich fasse diese Menge auf als etwas anderes. Ich fasse diese Menge als einen
   DEBUG: 2023-09-27 16:56:33,384:      pdf_renderer.py:  470: printSegment:  
   DEBUG: 2023-09-27 16:56:33,385:      pdf_renderer.py:  470: printSegment: 85 -   Ring auf, ich
   DEBUG: 2023-09-27 16:56:33,385:      pdf_renderer.py:  470: printSegment: fasse diese Menge als ein Wektorrom auf, dieses auffassen als etwas anderes, das ist
   DEBUG: 2023-09-27 16:56:33,386:      pdf_renderer.py:  470: printSegment:  
   DEBUG: 2023-09-27 16:56:33,386:      pdf_renderer.py:  470: printSegment: 86 -   immer das Alarmsignal,
   DEBUG: 2023-09-27 16:56:33,387:      pdf_renderer.py:  470: printSegment: das hier jetzt nicht der typische Fall eintritt, sondern irgendwas
   DEBUG: 2023-09-27 16:56:33,387:      pdf_renderer.py:  470: printSegment:  
   DEBUG: 2023-09-27 16:56:33,388:      pdf_renderer.py:  470: printSegment: 87 -   besonderes und dass man dem anderen einfach
   DEBUG: 2023-09-27 16:56:33,388:      pdf_renderer.py:  470: printSegment: hier diese Menge einfach mal neue Kleider gibt. Das ist
   DEBUG: 2023-09-27 16:56:33,389:      pdf_renderer.py:  470: printSegment:  
   DEBUG: 2023-09-27 16:56:33,397:      pdf_renderer.py:  235: /mnt/c/Users/proto/Development/extract_data_from_video/data/frame14138.jpg, 1280, 720
   DEBUG: 2023-09-27 16:56:33,405:      pdf_renderer.py:  470: printSegment:  
   DEBUG: 2023-09-27 16:56:33,414:      pdf_renderer.py:  235: /mnt/c/Users/proto/Development/extract_data_from_video/data/frame14140.jpg, 1280, 720
   DEBUG: 2023-09-27 16:56:33,422:      pdf_renderer.py:  470: printSegment:  
   DEBUG: 2023-09-27 16:56:33,430:      pdf_renderer.py:  235: /mnt/c/Users/proto/Development/extract_data_from_video/data/frame14141.jpg, 1280, 720
   DEBUG: 2023-09-27 16:56:33,440:      pdf_renderer.py:  470: printSegment:  
   DEBUG: 2023-09-27 16:56:33,449:      pdf_renderer.py:  235: /mnt/c/Users/proto/Development/extract_data_from_video/data/frame14142.jpg, 1280, 720
   DEBUG: 2023-09-27 16:56:33,458:      pdf_renderer.py:  470: printSegment:  
   DEBUG: 2023-09-27 16:56:33,467:      pdf_renderer.py:  235: /mnt/c/Users/proto/Development/extract_data_from_video/data/frame14143.jpg, 1280, 720
   DEBUG: 2023-09-27 16:56:33,476:      pdf_renderer.py:  470: printSegment:  
   DEBUG: 2023-09-27 16:56:33,477:      pdf_renderer.py:  470: printSegment: 88 -   die Idee dahinter und wenn du das verstanden hast, dann erschließen sich dir diese ganzen Begriffe,
   DEBUG: 2023-09-27 16:56:33,477:      pdf_renderer.py:  470: printSegment:  
   DEBUG: 2023-09-27 16:56:33,485:      pdf_renderer.py:  235: /mnt/c/Users/proto/Development/extract_data_from_video/data/frame14160.jpg, 1280, 720
   DEBUG: 2023-09-27 16:56:33,494:      pdf_renderer.py:  470: printSegment:  
   DEBUG: 2023-09-27 16:56:33,502:      pdf_renderer.py:  235: /mnt/c/Users/proto/Development/extract_data_from_video/data/frame14161.jpg, 1280, 720
   DEBUG: 2023-09-27 16:56:33,511:      pdf_renderer.py:  470: printSegment:  
   DEBUG: 2023-09-27 16:56:33,519:      pdf_renderer.py:  235: /mnt/c/Users/proto/Development/extract_data_from_video/data/frame14162.jpg, 1280, 720
   DEBUG: 2023-09-27 16:56:33,529:      pdf_renderer.py:  470: printSegment:  
   DEBUG: 2023-09-27 16:56:33,536:      pdf_renderer.py:  235: /mnt/c/Users/proto/Development/extract_data_from_video/data/frame14163.jpg, 1280, 720
   DEBUG: 2023-09-27 16:56:33,545:      pdf_renderer.py:  470: printSegment:  
   DEBUG: 2023-09-27 16:56:33,554:      pdf_renderer.py:  235: /mnt/c/Users/proto/Development/extract_data_from_video/data/frame14165.jpg, 1280, 720
   DEBUG: 2023-09-27 16:56:33,563:      pdf_renderer.py:  470: printSegment:  
   DEBUG: 2023-09-27 16:56:33,571:      pdf_renderer.py:  235: /mnt/c/Users/proto/Development/extract_data_from_video/data/frame14166.jpg, 1280, 720
   DEBUG: 2023-09-27 16:56:33,581:      pdf_renderer.py:  470: printSegment:  
   DEBUG: 2023-09-27 16:56:33,590:      pdf_renderer.py:  235: /mnt/c/Users/proto/Development/extract_data_from_video/data/frame14169.jpg, 1280, 720
   DEBUG: 2023-09-27 16:56:33,599:      pdf_renderer.py:  470: printSegment:  
   DEBUG: 2023-09-27 16:56:33,608:      pdf_renderer.py:  235: /mnt/c/Users/proto/Development/extract_data_from_video/data/frame14170.jpg, 1280, 720
   DEBUG: 2023-09-27 16:56:33,617:      pdf_renderer.py:  470: printSegment:  
   DEBUG: 2023-09-27 16:56:33,626:      pdf_renderer.py:  235: /mnt/c/Users/proto/Development/extract_data_from_video/data/frame14171.jpg, 1280, 720
   DEBUG: 2023-09-27 16:56:33,634:      pdf_renderer.py:  470: printSegment:  
   DEBUG: 2023-09-27 16:56:33,643:      pdf_renderer.py:  235: /mnt/c/Users/proto/Development/extract_data_from_video/data/frame14172.jpg, 1280, 720
   DEBUG: 2023-09-27 16:56:33,652:      pdf_renderer.py:  470: printSegment:  
   DEBUG: 2023-09-27 16:56:33,660:      pdf_renderer.py:  235: /mnt/c/Users/proto/Development/extract_data_from_video/data/frame14177.jpg, 1280, 720
   DEBUG: 2023-09-27 16:56:33,670:      pdf_renderer.py:  470: printSegment:  
   DEBUG: 2023-09-27 16:56:33,671:      pdf_renderer.py:  470: printSegment: 89 -   wenn er mich viel viel einfacher denn, was ich hinter diesen ganzen Begriffen wirklich nur
   DEBUG: 2023-09-27 16:56:33,671:      pdf_renderer.py:  470: printSegment:  
   DEBUG: 2023-09-27 16:56:33,672:      pdf_renderer.py:  470: printSegment: 90 -   verbürgt, ist
   DEBUG: 2023-09-27 16:56:33,672:      pdf_renderer.py:  470: printSegment: immer nur eine Menge und eine Struktur und die Menge sind einfach nur Symbole und
   DEBUG: 2023-09-27 16:56:33,673:      pdf_renderer.py:  470: printSegment:  
   DEBUG: 2023-09-27 16:56:33,673:      pdf_renderer.py:  470: printSegment: 91 -   deine Struktur sind
   DEBUG: 2023-09-27 16:56:33,674:      pdf_renderer.py:  470: printSegment: einfach nur deine Rechenregeln und schon erschließt sich dir das Ganze auf einmal.
   DEBUG: 2023-09-27 16:56:33,674:      pdf_renderer.py:  470: printSegment:  
   DEBUG: 2023-09-27 16:56:33,675:      pdf_renderer.py:  470: printSegment: 92 -   Wenn dir dieses Video
   DEBUG: 2023-09-27 16:56:33,675:      pdf_renderer.py:  470: printSegment: jetzt also geholfen hat, die Allgipra etwas besser zu verstehen, dann
   DEBUG: 2023-09-27 16:56:33,676:      pdf_renderer.py:  470: printSegment:  
   DEBUG: 2023-09-27 16:56:33,676:      pdf_renderer.py:  470: printSegment: 93 -   solltest du unbedingt diesen Link dir
   DEBUG: 2023-09-27 16:56:33,677:      pdf_renderer.py:  470: printSegment: anschauen, denn da findest du noch viel mehr in Richtung Allgipra 1.
